{"C:\\Users\\neil\\Documents\\app\\app\\src\\modules\\appointment\\application\\use-case\\CreateAppointment.ts": {"path":"C:\\Users\\neil\\Documents\\app\\app\\src\\modules\\appointment\\application\\use-case\\CreateAppointment.ts","all":false,"statementMap":{"0":{"start":{"line":1,"column":0},"end":{"line":1,"column":64}},"1":{"start":{"line":2,"column":0},"end":{"line":2,"column":93}},"2":{"start":{"line":3,"column":0},"end":{"line":3,"column":68}},"3":{"start":{"line":4,"column":0},"end":{"line":4,"column":78}},"4":{"start":{"line":5,"column":0},"end":{"line":5,"column":0}},"5":{"start":{"line":6,"column":0},"end":{"line":6,"column":32}},"6":{"start":{"line":7,"column":0},"end":{"line":7,"column":16}},"7":{"start":{"line":8,"column":0},"end":{"line":8,"column":59}},"8":{"start":{"line":9,"column":0},"end":{"line":9,"column":53}},"9":{"start":{"line":10,"column":0},"end":{"line":10,"column":9}},"10":{"start":{"line":11,"column":0},"end":{"line":11,"column":0}},"11":{"start":{"line":12,"column":0},"end":{"line":12,"column":60}},"12":{"start":{"line":13,"column":0},"end":{"line":13,"column":29}},"13":{"start":{"line":14,"column":0},"end":{"line":14,"column":0}},"14":{"start":{"line":15,"column":0},"end":{"line":15,"column":75}},"15":{"start":{"line":16,"column":0},"end":{"line":16,"column":0}},"16":{"start":{"line":17,"column":0},"end":{"line":17,"column":79}},"17":{"start":{"line":18,"column":0},"end":{"line":18,"column":0}},"18":{"start":{"line":19,"column":0},"end":{"line":19,"column":48}},"19":{"start":{"line":20,"column":0},"end":{"line":20,"column":0}},"20":{"start":{"line":21,"column":0},"end":{"line":21,"column":77}},"21":{"start":{"line":22,"column":0},"end":{"line":22,"column":0}},"22":{"start":{"line":23,"column":0},"end":{"line":23,"column":27}},"23":{"start":{"line":24,"column":0},"end":{"line":24,"column":5}},"24":{"start":{"line":25,"column":0},"end":{"line":25,"column":1}}},"s":{"0":1,"1":1,"2":1,"3":1,"4":1,"5":1,"6":1,"7":1,"8":1,"9":1,"10":1,"11":1,"12":2,"13":2,"14":2,"15":2,"16":2,"17":2,"18":2,"19":1,"20":1,"21":1,"22":1,"23":1,"24":1},"branchMap":{"0":{"type":"branch","line":7,"loc":{"start":{"line":7,"column":4},"end":{"line":10,"column":9}},"locations":[{"start":{"line":7,"column":4},"end":{"line":10,"column":9}}]},"1":{"type":"branch","line":12,"loc":{"start":{"line":12,"column":4},"end":{"line":24,"column":5}},"locations":[{"start":{"line":12,"column":4},"end":{"line":24,"column":5}}]},"2":{"type":"branch","line":20,"loc":{"start":{"line":20,"column":-2},"end":{"line":24,"column":5}},"locations":[{"start":{"line":20,"column":-2},"end":{"line":24,"column":5}}]}},"b":{"0":[1],"1":[2],"2":[1]},"fnMap":{"0":{"name":"CreateAppointment","decl":{"start":{"line":7,"column":4},"end":{"line":10,"column":9}},"loc":{"start":{"line":7,"column":4},"end":{"line":10,"column":9}},"line":7},"1":{"name":"execute","decl":{"start":{"line":12,"column":4},"end":{"line":24,"column":5}},"loc":{"start":{"line":12,"column":4},"end":{"line":24,"column":5}},"line":12}},"f":{"0":1,"1":2}}
,"C:\\Users\\neil\\Documents\\app\\app\\src\\modules\\appointment\\application\\use-case\\ListAppointmentByInsuredId.ts": {"path":"C:\\Users\\neil\\Documents\\app\\app\\src\\modules\\appointment\\application\\use-case\\ListAppointmentByInsuredId.ts","all":false,"statementMap":{"0":{"start":{"line":1,"column":0},"end":{"line":1,"column":64}},"1":{"start":{"line":2,"column":0},"end":{"line":2,"column":93}},"2":{"start":{"line":3,"column":0},"end":{"line":3,"column":0}},"3":{"start":{"line":4,"column":0},"end":{"line":4,"column":42}},"4":{"start":{"line":5,"column":0},"end":{"line":5,"column":16}},"5":{"start":{"line":6,"column":0},"end":{"line":6,"column":58}},"6":{"start":{"line":7,"column":0},"end":{"line":7,"column":9}},"7":{"start":{"line":8,"column":0},"end":{"line":8,"column":0}},"8":{"start":{"line":9,"column":0},"end":{"line":9,"column":62}},"9":{"start":{"line":10,"column":0},"end":{"line":10,"column":78}},"10":{"start":{"line":11,"column":0},"end":{"line":11,"column":0}},"11":{"start":{"line":12,"column":0},"end":{"line":12,"column":28}},"12":{"start":{"line":13,"column":0},"end":{"line":13,"column":5}},"13":{"start":{"line":14,"column":0},"end":{"line":14,"column":1}}},"s":{"0":1,"1":1,"2":1,"3":1,"4":1,"5":1,"6":1,"7":1,"8":1,"9":2,"10":2,"11":2,"12":2,"13":1},"branchMap":{"0":{"type":"branch","line":5,"loc":{"start":{"line":5,"column":4},"end":{"line":7,"column":9}},"locations":[{"start":{"line":5,"column":4},"end":{"line":7,"column":9}}]},"1":{"type":"branch","line":9,"loc":{"start":{"line":9,"column":4},"end":{"line":13,"column":5}},"locations":[{"start":{"line":9,"column":4},"end":{"line":13,"column":5}}]}},"b":{"0":[1],"1":[2]},"fnMap":{"0":{"name":"ListAppointmentsByInsuredId","decl":{"start":{"line":5,"column":4},"end":{"line":7,"column":9}},"loc":{"start":{"line":5,"column":4},"end":{"line":7,"column":9}},"line":5},"1":{"name":"execute","decl":{"start":{"line":9,"column":4},"end":{"line":13,"column":5}},"loc":{"start":{"line":9,"column":4},"end":{"line":13,"column":5}},"line":9}},"f":{"0":1,"1":2}}
,"C:\\Users\\neil\\Documents\\app\\app\\src\\modules\\appointment\\application\\use-case\\ProcessChileAppointment.ts": {"path":"C:\\Users\\neil\\Documents\\app\\app\\src\\modules\\appointment\\application\\use-case\\ProcessChileAppointment.ts","all":false,"statementMap":{"0":{"start":{"line":1,"column":0},"end":{"line":1,"column":69}},"1":{"start":{"line":2,"column":0},"end":{"line":2,"column":69}},"2":{"start":{"line":3,"column":0},"end":{"line":3,"column":76}},"3":{"start":{"line":4,"column":0},"end":{"line":4,"column":0}},"4":{"start":{"line":5,"column":0},"end":{"line":5,"column":38}},"5":{"start":{"line":6,"column":0},"end":{"line":6,"column":102}},"6":{"start":{"line":7,"column":0},"end":{"line":7,"column":0}},"7":{"start":{"line":8,"column":0},"end":{"line":8,"column":84}},"8":{"start":{"line":9,"column":0},"end":{"line":9,"column":0}},"9":{"start":{"line":10,"column":0},"end":{"line":10,"column":13}},"10":{"start":{"line":11,"column":0},"end":{"line":11,"column":69}},"11":{"start":{"line":12,"column":0},"end":{"line":12,"column":71}},"12":{"start":{"line":13,"column":0},"end":{"line":13,"column":0}},"13":{"start":{"line":14,"column":0},"end":{"line":14,"column":19}},"14":{"start":{"line":15,"column":0},"end":{"line":15,"column":47}},"15":{"start":{"line":16,"column":0},"end":{"line":16,"column":9}},"16":{"start":{"line":17,"column":0},"end":{"line":17,"column":0}},"17":{"start":{"line":18,"column":0},"end":{"line":18,"column":5}},"18":{"start":{"line":19,"column":0},"end":{"line":19,"column":1}}},"s":{"0":1,"1":1,"2":1,"3":1,"4":1,"5":1,"6":1,"7":1,"8":2,"9":2,"10":2,"11":1,"12":1,"13":1,"14":2,"15":2,"16":2,"17":2,"18":1},"branchMap":{"0":{"type":"branch","line":6,"loc":{"start":{"line":6,"column":4},"end":{"line":6,"column":102}},"locations":[{"start":{"line":6,"column":4},"end":{"line":6,"column":102}}]},"1":{"type":"branch","line":8,"loc":{"start":{"line":8,"column":4},"end":{"line":18,"column":5}},"locations":[{"start":{"line":8,"column":4},"end":{"line":18,"column":5}}]},"2":{"type":"branch","line":12,"loc":{"start":{"line":12,"column":-2},"end":{"line":14,"column":19}},"locations":[{"start":{"line":12,"column":-2},"end":{"line":14,"column":19}}]}},"b":{"0":[1],"1":[2],"2":[1]},"fnMap":{"0":{"name":"ProcessChileAppointment","decl":{"start":{"line":6,"column":4},"end":{"line":6,"column":102}},"loc":{"start":{"line":6,"column":4},"end":{"line":6,"column":102}},"line":6},"1":{"name":"execute","decl":{"start":{"line":8,"column":4},"end":{"line":18,"column":5}},"loc":{"start":{"line":8,"column":4},"end":{"line":18,"column":5}},"line":8}},"f":{"0":1,"1":2}}
,"C:\\Users\\neil\\Documents\\app\\app\\src\\modules\\appointment\\application\\use-case\\ProcessPeruAppointment.ts": {"path":"C:\\Users\\neil\\Documents\\app\\app\\src\\modules\\appointment\\application\\use-case\\ProcessPeruAppointment.ts","all":false,"statementMap":{"0":{"start":{"line":1,"column":0},"end":{"line":1,"column":69}},"1":{"start":{"line":2,"column":0},"end":{"line":2,"column":69}},"2":{"start":{"line":3,"column":0},"end":{"line":3,"column":76}},"3":{"start":{"line":4,"column":0},"end":{"line":4,"column":0}},"4":{"start":{"line":5,"column":0},"end":{"line":5,"column":37}},"5":{"start":{"line":6,"column":0},"end":{"line":6,"column":102}},"6":{"start":{"line":7,"column":0},"end":{"line":7,"column":0}},"7":{"start":{"line":8,"column":0},"end":{"line":8,"column":84}},"8":{"start":{"line":9,"column":0},"end":{"line":9,"column":0}},"9":{"start":{"line":10,"column":0},"end":{"line":10,"column":13}},"10":{"start":{"line":11,"column":0},"end":{"line":11,"column":69}},"11":{"start":{"line":12,"column":0},"end":{"line":12,"column":71}},"12":{"start":{"line":13,"column":0},"end":{"line":13,"column":0}},"13":{"start":{"line":14,"column":0},"end":{"line":14,"column":19}},"14":{"start":{"line":15,"column":0},"end":{"line":15,"column":47}},"15":{"start":{"line":16,"column":0},"end":{"line":16,"column":9}},"16":{"start":{"line":17,"column":0},"end":{"line":17,"column":0}},"17":{"start":{"line":18,"column":0},"end":{"line":18,"column":5}},"18":{"start":{"line":19,"column":0},"end":{"line":19,"column":1}}},"s":{"0":1,"1":1,"2":1,"3":1,"4":1,"5":1,"6":1,"7":1,"8":2,"9":2,"10":2,"11":1,"12":1,"13":1,"14":2,"15":2,"16":2,"17":2,"18":1},"branchMap":{"0":{"type":"branch","line":6,"loc":{"start":{"line":6,"column":4},"end":{"line":6,"column":102}},"locations":[{"start":{"line":6,"column":4},"end":{"line":6,"column":102}}]},"1":{"type":"branch","line":8,"loc":{"start":{"line":8,"column":4},"end":{"line":18,"column":5}},"locations":[{"start":{"line":8,"column":4},"end":{"line":18,"column":5}}]},"2":{"type":"branch","line":12,"loc":{"start":{"line":12,"column":-2},"end":{"line":14,"column":19}},"locations":[{"start":{"line":12,"column":-2},"end":{"line":14,"column":19}}]}},"b":{"0":[1],"1":[2],"2":[1]},"fnMap":{"0":{"name":"ProcessPeruAppointment","decl":{"start":{"line":6,"column":4},"end":{"line":6,"column":102}},"loc":{"start":{"line":6,"column":4},"end":{"line":6,"column":102}},"line":6},"1":{"name":"execute","decl":{"start":{"line":8,"column":4},"end":{"line":18,"column":5}},"loc":{"start":{"line":8,"column":4},"end":{"line":18,"column":5}},"line":8}},"f":{"0":1,"1":2}}
,"C:\\Users\\neil\\Documents\\app\\app\\src\\modules\\appointment\\application\\use-case\\UpdateAppointment.ts": {"path":"C:\\Users\\neil\\Documents\\app\\app\\src\\modules\\appointment\\application\\use-case\\UpdateAppointment.ts","all":false,"statementMap":{"0":{"start":{"line":1,"column":0},"end":{"line":1,"column":93}},"1":{"start":{"line":2,"column":0},"end":{"line":2,"column":68}},"2":{"start":{"line":3,"column":0},"end":{"line":3,"column":0}},"3":{"start":{"line":4,"column":0},"end":{"line":4,"column":32}},"4":{"start":{"line":5,"column":0},"end":{"line":5,"column":16}},"5":{"start":{"line":6,"column":0},"end":{"line":6,"column":59}},"6":{"start":{"line":7,"column":0},"end":{"line":7,"column":9}},"7":{"start":{"line":8,"column":0},"end":{"line":8,"column":0}},"8":{"start":{"line":9,"column":0},"end":{"line":9,"column":60}},"9":{"start":{"line":10,"column":0},"end":{"line":10,"column":65}},"10":{"start":{"line":11,"column":0},"end":{"line":11,"column":0}},"11":{"start":{"line":12,"column":0},"end":{"line":12,"column":65}},"12":{"start":{"line":13,"column":0},"end":{"line":13,"column":0}},"13":{"start":{"line":14,"column":0},"end":{"line":14,"column":0}},"14":{"start":{"line":15,"column":0},"end":{"line":15,"column":16}},"15":{"start":{"line":16,"column":0},"end":{"line":16,"column":51}},"16":{"start":{"line":17,"column":0},"end":{"line":17,"column":48}},"17":{"start":{"line":18,"column":0},"end":{"line":18,"column":71}},"18":{"start":{"line":19,"column":0},"end":{"line":19,"column":10}},"19":{"start":{"line":20,"column":0},"end":{"line":20,"column":5}},"20":{"start":{"line":21,"column":0},"end":{"line":21,"column":1}}},"s":{"0":1,"1":1,"2":1,"3":1,"4":1,"5":1,"6":1,"7":1,"8":1,"9":2,"10":2,"11":2,"12":1,"13":1,"14":1,"15":1,"16":1,"17":1,"18":1,"19":1,"20":1},"branchMap":{"0":{"type":"branch","line":5,"loc":{"start":{"line":5,"column":4},"end":{"line":7,"column":9}},"locations":[{"start":{"line":5,"column":4},"end":{"line":7,"column":9}}]},"1":{"type":"branch","line":9,"loc":{"start":{"line":9,"column":4},"end":{"line":20,"column":5}},"locations":[{"start":{"line":9,"column":4},"end":{"line":20,"column":5}}]},"2":{"type":"branch","line":13,"loc":{"start":{"line":13,"column":-2},"end":{"line":20,"column":5}},"locations":[{"start":{"line":13,"column":-2},"end":{"line":20,"column":5}}]}},"b":{"0":[1],"1":[2],"2":[1]},"fnMap":{"0":{"name":"UpdateAppointment","decl":{"start":{"line":5,"column":4},"end":{"line":7,"column":9}},"loc":{"start":{"line":5,"column":4},"end":{"line":7,"column":9}},"line":5},"1":{"name":"execute","decl":{"start":{"line":9,"column":4},"end":{"line":20,"column":5}},"loc":{"start":{"line":9,"column":4},"end":{"line":20,"column":5}},"line":9}},"f":{"0":1,"1":2}}
,"C:\\Users\\neil\\Documents\\app\\app\\src\\modules\\appointment\\application\\use-case\\index.ts": {"path":"C:\\Users\\neil\\Documents\\app\\app\\src\\modules\\appointment\\application\\use-case\\index.ts","all":false,"statementMap":{"0":{"start":{"line":1,"column":0},"end":{"line":1,"column":36}},"1":{"start":{"line":2,"column":0},"end":{"line":2,"column":45}},"2":{"start":{"line":3,"column":0},"end":{"line":3,"column":42}},"3":{"start":{"line":4,"column":0},"end":{"line":4,"column":36}},"4":{"start":{"line":5,"column":0},"end":{"line":5,"column":41}}},"s":{"0":1,"1":1,"2":1,"3":1,"4":1},"branchMap":{},"b":{},"fnMap":{},"f":{}}
,"C:\\Users\\neil\\Documents\\app\\app\\src\\modules\\appointment\\common\\enum\\AppointmentStatus.ts": {"path":"C:\\Users\\neil\\Documents\\app\\app\\src\\modules\\appointment\\common\\enum\\AppointmentStatus.ts","all":false,"statementMap":{"0":{"start":{"line":1,"column":0},"end":{"line":1,"column":31}},"1":{"start":{"line":2,"column":0},"end":{"line":2,"column":24}},"2":{"start":{"line":3,"column":0},"end":{"line":3,"column":27}},"3":{"start":{"line":4,"column":0},"end":{"line":4,"column":1}}},"s":{"0":8,"1":8,"2":8,"3":8},"branchMap":{"0":{"type":"branch","line":1,"loc":{"start":{"line":1,"column":0},"end":{"line":4,"column":1}},"locations":[{"start":{"line":1,"column":0},"end":{"line":4,"column":1}}]}},"b":{"0":[8]},"fnMap":{},"f":{}}
,"C:\\Users\\neil\\Documents\\app\\app\\src\\modules\\appointment\\common\\enum\\CountryISO.ts": {"path":"C:\\Users\\neil\\Documents\\app\\app\\src\\modules\\appointment\\common\\enum\\CountryISO.ts","all":false,"statementMap":{"0":{"start":{"line":1,"column":0},"end":{"line":1,"column":24}},"1":{"start":{"line":2,"column":0},"end":{"line":2,"column":16}},"2":{"start":{"line":3,"column":0},"end":{"line":3,"column":16}},"3":{"start":{"line":4,"column":0},"end":{"line":4,"column":1}}},"s":{"0":8,"1":8,"2":8,"3":8},"branchMap":{"0":{"type":"branch","line":1,"loc":{"start":{"line":1,"column":0},"end":{"line":4,"column":1}},"locations":[{"start":{"line":1,"column":0},"end":{"line":4,"column":1}}]}},"b":{"0":[8]},"fnMap":{},"f":{}}
,"C:\\Users\\neil\\Documents\\app\\app\\src\\modules\\appointment\\common\\enum\\index.ts": {"path":"C:\\Users\\neil\\Documents\\app\\app\\src\\modules\\appointment\\common\\enum\\index.ts","all":false,"statementMap":{"0":{"start":{"line":1,"column":0},"end":{"line":1,"column":36}},"1":{"start":{"line":2,"column":0},"end":{"line":2,"column":29}}},"s":{"0":1,"1":1},"branchMap":{},"b":{},"fnMap":{},"f":{}}
,"C:\\Users\\neil\\Documents\\app\\app\\src\\modules\\appointment\\domain\\entities\\Appointment.ts": {"path":"C:\\Users\\neil\\Documents\\app\\app\\src\\modules\\appointment\\domain\\entities\\Appointment.ts","all":false,"statementMap":{"0":{"start":{"line":1,"column":0},"end":{"line":1,"column":0}},"1":{"start":{"line":2,"column":0},"end":{"line":2,"column":36}},"2":{"start":{"line":3,"column":0},"end":{"line":3,"column":72}},"3":{"start":{"line":4,"column":0},"end":{"line":4,"column":58}},"4":{"start":{"line":5,"column":0},"end":{"line":5,"column":0}},"5":{"start":{"line":6,"column":0},"end":{"line":6,"column":0}},"6":{"start":{"line":7,"column":0},"end":{"line":7,"column":26}},"7":{"start":{"line":8,"column":0},"end":{"line":8,"column":0}},"8":{"start":{"line":9,"column":0},"end":{"line":9,"column":31}},"9":{"start":{"line":10,"column":0},"end":{"line":10,"column":38}},"10":{"start":{"line":11,"column":0},"end":{"line":11,"column":38}},"11":{"start":{"line":12,"column":0},"end":{"line":12,"column":0}},"12":{"start":{"line":13,"column":0},"end":{"line":13,"column":16}},"13":{"start":{"line":14,"column":0},"end":{"line":14,"column":42}},"14":{"start":{"line":15,"column":0},"end":{"line":15,"column":43}},"15":{"start":{"line":16,"column":0},"end":{"line":16,"column":47}},"16":{"start":{"line":17,"column":0},"end":{"line":17,"column":78}},"17":{"start":{"line":18,"column":0},"end":{"line":18,"column":20}},"18":{"start":{"line":19,"column":0},"end":{"line":19,"column":27}},"19":{"start":{"line":20,"column":0},"end":{"line":20,"column":26}},"20":{"start":{"line":21,"column":0},"end":{"line":21,"column":7}},"21":{"start":{"line":22,"column":0},"end":{"line":22,"column":42}},"22":{"start":{"line":23,"column":0},"end":{"line":23,"column":41}},"23":{"start":{"line":24,"column":0},"end":{"line":24,"column":0}},"24":{"start":{"line":25,"column":0},"end":{"line":25,"column":33}},"25":{"start":{"line":26,"column":0},"end":{"line":26,"column":0}},"26":{"start":{"line":27,"column":0},"end":{"line":27,"column":45}},"27":{"start":{"line":28,"column":0},"end":{"line":28,"column":42}},"28":{"start":{"line":29,"column":0},"end":{"line":29,"column":42}},"29":{"start":{"line":30,"column":0},"end":{"line":30,"column":5}},"30":{"start":{"line":31,"column":0},"end":{"line":31,"column":0}},"31":{"start":{"line":32,"column":0},"end":{"line":32,"column":43}},"32":{"start":{"line":33,"column":0},"end":{"line":33,"column":34}},"33":{"start":{"line":34,"column":0},"end":{"line":34,"column":78}},"34":{"start":{"line":35,"column":0},"end":{"line":35,"column":9}},"35":{"start":{"line":36,"column":0},"end":{"line":36,"column":5}},"36":{"start":{"line":37,"column":0},"end":{"line":37,"column":0}},"37":{"start":{"line":38,"column":0},"end":{"line":38,"column":52}},"38":{"start":{"line":39,"column":0},"end":{"line":39,"column":55}},"39":{"start":{"line":40,"column":0},"end":{"line":40,"column":76}},"40":{"start":{"line":41,"column":0},"end":{"line":41,"column":9}},"41":{"start":{"line":42,"column":0},"end":{"line":42,"column":5}},"42":{"start":{"line":43,"column":0},"end":{"line":43,"column":0}},"43":{"start":{"line":44,"column":0},"end":{"line":44,"column":58}},"44":{"start":{"line":45,"column":0},"end":{"line":45,"column":31}},"45":{"start":{"line":46,"column":0},"end":{"line":46,"column":27}},"46":{"start":{"line":47,"column":0},"end":{"line":47,"column":28}},"47":{"start":{"line":48,"column":0},"end":{"line":48,"column":28}},"48":{"start":{"line":49,"column":0},"end":{"line":49,"column":45}},"49":{"start":{"line":50,"column":0},"end":{"line":50,"column":42}},"50":{"start":{"line":51,"column":0},"end":{"line":51,"column":27}},"51":{"start":{"line":52,"column":0},"end":{"line":52,"column":26}},"52":{"start":{"line":53,"column":0},"end":{"line":53,"column":10}},"53":{"start":{"line":54,"column":0},"end":{"line":54,"column":5}},"54":{"start":{"line":55,"column":0},"end":{"line":55,"column":0}},"55":{"start":{"line":56,"column":0},"end":{"line":56,"column":27}},"56":{"start":{"line":57,"column":0},"end":{"line":57,"column":16}},"57":{"start":{"line":58,"column":0},"end":{"line":58,"column":35}},"58":{"start":{"line":59,"column":0},"end":{"line":59,"column":38}},"59":{"start":{"line":60,"column":0},"end":{"line":60,"column":40}},"60":{"start":{"line":61,"column":0},"end":{"line":61,"column":40}},"61":{"start":{"line":62,"column":0},"end":{"line":62,"column":32}},"62":{"start":{"line":63,"column":0},"end":{"line":63,"column":38}},"63":{"start":{"line":64,"column":0},"end":{"line":64,"column":37}},"64":{"start":{"line":65,"column":0},"end":{"line":65,"column":10}},"65":{"start":{"line":66,"column":0},"end":{"line":66,"column":5}},"66":{"start":{"line":67,"column":0},"end":{"line":67,"column":1}}},"s":{"0":1,"1":1,"2":1,"3":1,"4":1,"5":1,"6":1,"7":1,"8":1,"9":1,"10":1,"11":1,"12":1,"13":9,"14":9,"15":9,"16":9,"17":9,"18":9,"19":9,"20":9,"21":9,"22":9,"23":9,"24":9,"25":9,"26":9,"27":9,"28":9,"29":9,"30":1,"31":1,"32":9,"33":3,"34":3,"35":9,"36":1,"37":1,"38":6,"39":1,"40":1,"41":6,"42":1,"43":1,"44":1,"45":1,"46":1,"47":1,"48":1,"49":1,"50":1,"51":1,"52":1,"53":1,"54":1,"55":1,"56":2,"57":2,"58":2,"59":2,"60":2,"61":2,"62":2,"63":2,"64":2,"65":2,"66":1},"branchMap":{"0":{"type":"branch","line":13,"loc":{"start":{"line":13,"column":4},"end":{"line":30,"column":5}},"locations":[{"start":{"line":13,"column":4},"end":{"line":30,"column":5}}]},"1":{"type":"branch","line":25,"loc":{"start":{"line":25,"column":20},"end":{"line":25,"column":32}},"locations":[{"start":{"line":25,"column":20},"end":{"line":25,"column":32}}]},"2":{"type":"branch","line":28,"loc":{"start":{"line":28,"column":34},"end":{"line":28,"column":41}},"locations":[{"start":{"line":28,"column":34},"end":{"line":28,"column":41}}]},"3":{"type":"branch","line":29,"loc":{"start":{"line":29,"column":34},"end":{"line":29,"column":41}},"locations":[{"start":{"line":29,"column":34},"end":{"line":29,"column":41}}]},"4":{"type":"branch","line":32,"loc":{"start":{"line":32,"column":12},"end":{"line":36,"column":5}},"locations":[{"start":{"line":32,"column":12},"end":{"line":36,"column":5}}]},"5":{"type":"branch","line":33,"loc":{"start":{"line":33,"column":33},"end":{"line":35,"column":9}},"locations":[{"start":{"line":33,"column":33},"end":{"line":35,"column":9}}]},"6":{"type":"branch","line":38,"loc":{"start":{"line":38,"column":12},"end":{"line":42,"column":5}},"locations":[{"start":{"line":38,"column":12},"end":{"line":42,"column":5}}]},"7":{"type":"branch","line":39,"loc":{"start":{"line":39,"column":54},"end":{"line":41,"column":9}},"locations":[{"start":{"line":39,"column":54},"end":{"line":41,"column":9}}]},"8":{"type":"branch","line":44,"loc":{"start":{"line":44,"column":18},"end":{"line":54,"column":5}},"locations":[{"start":{"line":44,"column":18},"end":{"line":54,"column":5}}]},"9":{"type":"branch","line":50,"loc":{"start":{"line":50,"column":30},"end":{"line":50,"column":41}},"locations":[{"start":{"line":50,"column":30},"end":{"line":50,"column":41}}]},"10":{"type":"branch","line":56,"loc":{"start":{"line":56,"column":11},"end":{"line":66,"column":5}},"locations":[{"start":{"line":56,"column":11},"end":{"line":66,"column":5}}]}},"b":{"0":[9],"1":[4],"2":[5],"3":[5],"4":[9],"5":[3],"6":[6],"7":[1],"8":[1],"9":[0],"10":[2]},"fnMap":{"0":{"name":"Appointment","decl":{"start":{"line":13,"column":4},"end":{"line":30,"column":5}},"loc":{"start":{"line":13,"column":4},"end":{"line":30,"column":5}},"line":13},"1":{"name":"validateInsuredId","decl":{"start":{"line":32,"column":12},"end":{"line":36,"column":5}},"loc":{"start":{"line":32,"column":12},"end":{"line":36,"column":5}},"line":32},"2":{"name":"validateCountry","decl":{"start":{"line":38,"column":12},"end":{"line":42,"column":5}},"loc":{"start":{"line":38,"column":12},"end":{"line":42,"column":5}},"line":38},"3":{"name":"fromPrimitives","decl":{"start":{"line":44,"column":18},"end":{"line":54,"column":5}},"loc":{"start":{"line":44,"column":18},"end":{"line":54,"column":5}},"line":44},"4":{"name":"toPrimitives","decl":{"start":{"line":56,"column":11},"end":{"line":66,"column":5}},"loc":{"start":{"line":56,"column":11},"end":{"line":66,"column":5}},"line":56}},"f":{"0":9,"1":9,"2":6,"3":1,"4":2}}
,"C:\\Users\\neil\\Documents\\app\\app\\src\\modules\\appointment\\infrastructure\\persistence\\dynamodb\\DynamoDBRepository.ts": {"path":"C:\\Users\\neil\\Documents\\app\\app\\src\\modules\\appointment\\infrastructure\\persistence\\dynamodb\\DynamoDBRepository.ts","all":false,"statementMap":{"0":{"start":{"line":1,"column":0},"end":{"line":1,"column":58}},"1":{"start":{"line":2,"column":0},"end":{"line":2,"column":104}},"2":{"start":{"line":3,"column":0},"end":{"line":3,"column":67}},"3":{"start":{"line":4,"column":0},"end":{"line":4,"column":96}},"4":{"start":{"line":5,"column":0},"end":{"line":5,"column":86}},"5":{"start":{"line":6,"column":0},"end":{"line":6,"column":0}},"6":{"start":{"line":7,"column":0},"end":{"line":7,"column":0}},"7":{"start":{"line":8,"column":0},"end":{"line":8,"column":77}},"8":{"start":{"line":9,"column":0},"end":{"line":9,"column":70}},"9":{"start":{"line":10,"column":0},"end":{"line":10,"column":0}},"10":{"start":{"line":11,"column":0},"end":{"line":11,"column":16}},"11":{"start":{"line":12,"column":0},"end":{"line":12,"column":112}},"12":{"start":{"line":13,"column":0},"end":{"line":13,"column":9}},"13":{"start":{"line":14,"column":0},"end":{"line":14,"column":0}},"14":{"start":{"line":15,"column":0},"end":{"line":15,"column":70}},"15":{"start":{"line":16,"column":0},"end":{"line":16,"column":0}},"16":{"start":{"line":17,"column":0},"end":{"line":17,"column":42}},"17":{"start":{"line":18,"column":0},"end":{"line":18,"column":38}},"18":{"start":{"line":19,"column":0},"end":{"line":19,"column":61}},"19":{"start":{"line":20,"column":0},"end":{"line":20,"column":40}},"20":{"start":{"line":21,"column":0},"end":{"line":21,"column":39}},"21":{"start":{"line":22,"column":0},"end":{"line":22,"column":13}},"22":{"start":{"line":23,"column":0},"end":{"line":23,"column":11}},"23":{"start":{"line":24,"column":0},"end":{"line":24,"column":0}},"24":{"start":{"line":25,"column":0},"end":{"line":25,"column":13}},"25":{"start":{"line":26,"column":0},"end":{"line":26,"column":65}},"26":{"start":{"line":27,"column":0},"end":{"line":27,"column":0}},"27":{"start":{"line":28,"column":0},"end":{"line":28,"column":34}},"28":{"start":{"line":29,"column":0},"end":{"line":29,"column":0}},"29":{"start":{"line":30,"column":0},"end":{"line":30,"column":65}},"30":{"start":{"line":31,"column":0},"end":{"line":31,"column":24}},"31":{"start":{"line":32,"column":0},"end":{"line":32,"column":61}},"32":{"start":{"line":33,"column":0},"end":{"line":33,"column":16}},"33":{"start":{"line":34,"column":0},"end":{"line":34,"column":25}},"34":{"start":{"line":35,"column":0},"end":{"line":35,"column":68}},"35":{"start":{"line":36,"column":0},"end":{"line":36,"column":71}},"36":{"start":{"line":37,"column":0},"end":{"line":37,"column":9}},"37":{"start":{"line":38,"column":0},"end":{"line":38,"column":5}},"38":{"start":{"line":39,"column":0},"end":{"line":39,"column":0}},"39":{"start":{"line":40,"column":0},"end":{"line":40,"column":83}},"40":{"start":{"line":41,"column":0},"end":{"line":41,"column":43}},"41":{"start":{"line":42,"column":0},"end":{"line":42,"column":38}},"42":{"start":{"line":43,"column":0},"end":{"line":43,"column":18}},"43":{"start":{"line":44,"column":0},"end":{"line":44,"column":58}},"44":{"start":{"line":45,"column":0},"end":{"line":45,"column":66}},"45":{"start":{"line":46,"column":0},"end":{"line":46,"column":14}},"46":{"start":{"line":47,"column":0},"end":{"line":47,"column":78}},"47":{"start":{"line":48,"column":0},"end":{"line":48,"column":0}},"48":{"start":{"line":49,"column":0},"end":{"line":49,"column":39}},"49":{"start":{"line":50,"column":0},"end":{"line":50,"column":35}},"50":{"start":{"line":51,"column":0},"end":{"line":51,"column":14}},"51":{"start":{"line":52,"column":0},"end":{"line":52,"column":0}},"52":{"start":{"line":53,"column":0},"end":{"line":53,"column":40}},"53":{"start":{"line":54,"column":0},"end":{"line":54,"column":55}},"54":{"start":{"line":55,"column":0},"end":{"line":55,"column":54}},"55":{"start":{"line":56,"column":0},"end":{"line":56,"column":13}},"56":{"start":{"line":57,"column":0},"end":{"line":57,"column":11}},"57":{"start":{"line":58,"column":0},"end":{"line":58,"column":0}},"58":{"start":{"line":59,"column":0},"end":{"line":59,"column":13}},"59":{"start":{"line":60,"column":0},"end":{"line":60,"column":47}},"60":{"start":{"line":61,"column":0},"end":{"line":61,"column":25}},"61":{"start":{"line":62,"column":0},"end":{"line":62,"column":69}},"62":{"start":{"line":63,"column":0},"end":{"line":63,"column":91}},"63":{"start":{"line":64,"column":0},"end":{"line":64,"column":9}},"64":{"start":{"line":65,"column":0},"end":{"line":65,"column":5}},"65":{"start":{"line":66,"column":0},"end":{"line":66,"column":0}},"66":{"start":{"line":67,"column":0},"end":{"line":67,"column":57}},"67":{"start":{"line":68,"column":0},"end":{"line":68,"column":13}},"68":{"start":{"line":69,"column":0},"end":{"line":69,"column":44}},"69":{"start":{"line":70,"column":0},"end":{"line":70,"column":42}},"70":{"start":{"line":71,"column":0},"end":{"line":71,"column":49}},"71":{"start":{"line":72,"column":0},"end":{"line":72,"column":15}},"72":{"start":{"line":73,"column":0},"end":{"line":73,"column":0}},"73":{"start":{"line":74,"column":0},"end":{"line":74,"column":47}},"74":{"start":{"line":75,"column":0},"end":{"line":75,"column":25}},"75":{"start":{"line":76,"column":0},"end":{"line":76,"column":66}},"76":{"start":{"line":77,"column":0},"end":{"line":77,"column":81}},"77":{"start":{"line":78,"column":0},"end":{"line":78,"column":9}},"78":{"start":{"line":79,"column":0},"end":{"line":79,"column":5}},"79":{"start":{"line":80,"column":0},"end":{"line":80,"column":1}}},"s":{"0":1,"1":1,"2":1,"3":1,"4":1,"5":1,"6":1,"7":1,"8":1,"9":1,"10":1,"11":4,"12":4,"13":1,"14":1,"15":2,"16":2,"17":2,"18":2,"19":2,"20":2,"21":2,"22":2,"23":2,"24":2,"25":2,"26":1,"27":2,"28":1,"29":1,"30":1,"31":1,"32":1,"33":1,"34":1,"35":1,"36":1,"37":2,"38":1,"39":1,"40":1,"41":1,"42":1,"43":1,"44":1,"45":1,"46":1,"47":1,"48":1,"49":1,"50":1,"51":1,"52":1,"53":1,"54":1,"55":1,"56":1,"57":1,"58":1,"59":1,"60":1,"61":0,"62":0,"63":0,"64":1,"65":1,"66":1,"67":1,"68":1,"69":1,"70":1,"71":1,"72":1,"73":1,"74":1,"75":0,"76":0,"77":0,"78":1,"79":1},"branchMap":{"0":{"type":"branch","line":11,"loc":{"start":{"line":11,"column":4},"end":{"line":13,"column":9}},"locations":[{"start":{"line":11,"column":4},"end":{"line":13,"column":9}}]},"1":{"type":"branch","line":15,"loc":{"start":{"line":15,"column":4},"end":{"line":38,"column":5}},"locations":[{"start":{"line":15,"column":4},"end":{"line":38,"column":5}}]},"2":{"type":"branch","line":27,"loc":{"start":{"line":27,"column":-2},"end":{"line":28,"column":31}},"locations":[{"start":{"line":27,"column":-2},"end":{"line":28,"column":31}}]},"3":{"type":"branch","line":28,"loc":{"start":{"line":28,"column":24},"end":{"line":28,"column":34}},"locations":[{"start":{"line":28,"column":24},"end":{"line":28,"column":34}}]},"4":{"type":"branch","line":29,"loc":{"start":{"line":29,"column":-2},"end":{"line":37,"column":9}},"locations":[{"start":{"line":29,"column":-2},"end":{"line":37,"column":9}}]},"5":{"type":"branch","line":30,"loc":{"start":{"line":30,"column":29},"end":{"line":33,"column":14}},"locations":[{"start":{"line":30,"column":29},"end":{"line":33,"column":14}}]},"6":{"type":"branch","line":32,"loc":{"start":{"line":32,"column":49},"end":{"line":32,"column":60}},"locations":[{"start":{"line":32,"column":49},"end":{"line":32,"column":60}}]},"7":{"type":"branch","line":40,"loc":{"start":{"line":40,"column":4},"end":{"line":65,"column":5}},"locations":[{"start":{"line":40,"column":4},"end":{"line":65,"column":5}}]},"8":{"type":"branch","line":61,"loc":{"start":{"line":61,"column":10},"end":{"line":64,"column":9}},"locations":[{"start":{"line":61,"column":10},"end":{"line":64,"column":9}}]},"9":{"type":"branch","line":67,"loc":{"start":{"line":67,"column":4},"end":{"line":79,"column":5}},"locations":[{"start":{"line":67,"column":4},"end":{"line":79,"column":5}}]},"10":{"type":"branch","line":75,"loc":{"start":{"line":75,"column":10},"end":{"line":78,"column":9}},"locations":[{"start":{"line":75,"column":10},"end":{"line":78,"column":9}}]}},"b":{"0":[4],"1":[2],"2":[1],"3":[0],"4":[1],"5":[1],"6":[0],"7":[1],"8":[0],"9":[1],"10":[0]},"fnMap":{"0":{"name":"DynamoDBAppointmentRepository","decl":{"start":{"line":11,"column":4},"end":{"line":13,"column":9}},"loc":{"start":{"line":11,"column":4},"end":{"line":13,"column":9}},"line":11},"1":{"name":"findByInsuredId","decl":{"start":{"line":15,"column":4},"end":{"line":38,"column":5}},"loc":{"start":{"line":15,"column":4},"end":{"line":38,"column":5}},"line":15},"2":{"name":"updateStatus","decl":{"start":{"line":40,"column":4},"end":{"line":65,"column":5}},"loc":{"start":{"line":40,"column":4},"end":{"line":65,"column":5}},"line":40},"3":{"name":"save","decl":{"start":{"line":67,"column":4},"end":{"line":79,"column":5}},"loc":{"start":{"line":67,"column":4},"end":{"line":79,"column":5}},"line":67}},"f":{"0":4,"1":2,"2":1,"3":1}}
,"C:\\Users\\neil\\Documents\\app\\app\\src\\modules\\appointment\\infrastructure\\persistence\\dynamodb\\index.ts": {"path":"C:\\Users\\neil\\Documents\\app\\app\\src\\modules\\appointment\\infrastructure\\persistence\\dynamodb\\index.ts","all":false,"statementMap":{"0":{"start":{"line":1,"column":0},"end":{"line":1,"column":37}}},"s":{"0":1},"branchMap":{},"b":{},"fnMap":{},"f":{}}
,"C:\\Users\\neil\\Documents\\app\\app\\src\\modules\\appointment\\infrastructure\\persistence\\mysql\\MySQLAppointmentRepository.ts": {"path":"C:\\Users\\neil\\Documents\\app\\app\\src\\modules\\appointment\\infrastructure\\persistence\\mysql\\MySQLAppointmentRepository.ts","all":false,"statementMap":{"0":{"start":{"line":1,"column":0},"end":{"line":1,"column":44}},"1":{"start":{"line":2,"column":0},"end":{"line":2,"column":79}},"2":{"start":{"line":3,"column":0},"end":{"line":3,"column":54}},"3":{"start":{"line":4,"column":0},"end":{"line":4,"column":68}},"4":{"start":{"line":5,"column":0},"end":{"line":5,"column":0}},"5":{"start":{"line":6,"column":0},"end":{"line":6,"column":0}},"6":{"start":{"line":7,"column":0},"end":{"line":7,"column":68}},"7":{"start":{"line":8,"column":0},"end":{"line":8,"column":49}},"8":{"start":{"line":9,"column":0},"end":{"line":9,"column":0}},"9":{"start":{"line":10,"column":0},"end":{"line":10,"column":56}},"10":{"start":{"line":11,"column":0},"end":{"line":11,"column":31}},"11":{"start":{"line":12,"column":0},"end":{"line":12,"column":47}},"12":{"start":{"line":13,"column":0},"end":{"line":13,"column":0}},"13":{"start":{"line":14,"column":0},"end":{"line":14,"column":26}},"14":{"start":{"line":15,"column":0},"end":{"line":15,"column":83}},"15":{"start":{"line":16,"column":0},"end":{"line":16,"column":13}},"16":{"start":{"line":17,"column":0},"end":{"line":17,"column":0}},"17":{"start":{"line":18,"column":0},"end":{"line":18,"column":66}},"18":{"start":{"line":19,"column":0},"end":{"line":19,"column":9}},"19":{"start":{"line":20,"column":0},"end":{"line":20,"column":31}},"20":{"start":{"line":21,"column":0},"end":{"line":21,"column":5}},"21":{"start":{"line":22,"column":0},"end":{"line":22,"column":0}},"22":{"start":{"line":23,"column":0},"end":{"line":23,"column":81}},"23":{"start":{"line":24,"column":0},"end":{"line":24,"column":13}},"24":{"start":{"line":25,"column":0},"end":{"line":25,"column":0}},"25":{"start":{"line":26,"column":0},"end":{"line":26,"column":105}},"26":{"start":{"line":27,"column":0},"end":{"line":27,"column":0}},"27":{"start":{"line":28,"column":0},"end":{"line":28,"column":76}},"28":{"start":{"line":29,"column":0},"end":{"line":29,"column":0}},"29":{"start":{"line":30,"column":0},"end":{"line":30,"column":51}},"30":{"start":{"line":31,"column":0},"end":{"line":31,"column":0}},"31":{"start":{"line":32,"column":0},"end":{"line":32,"column":27}},"32":{"start":{"line":33,"column":0},"end":{"line":33,"column":37}},"33":{"start":{"line":34,"column":0},"end":{"line":34,"column":78}},"34":{"start":{"line":35,"column":0},"end":{"line":35,"column":34}},"35":{"start":{"line":36,"column":0},"end":{"line":36,"column":10}},"36":{"start":{"line":37,"column":0},"end":{"line":37,"column":0}},"37":{"start":{"line":38,"column":0},"end":{"line":38,"column":45}},"38":{"start":{"line":39,"column":0},"end":{"line":39,"column":30}},"39":{"start":{"line":40,"column":0},"end":{"line":40,"column":26}},"40":{"start":{"line":41,"column":0},"end":{"line":41,"column":27}},"41":{"start":{"line":42,"column":0},"end":{"line":42,"column":27}},"42":{"start":{"line":43,"column":0},"end":{"line":43,"column":23}},"43":{"start":{"line":44,"column":0},"end":{"line":44,"column":15}},"44":{"start":{"line":45,"column":0},"end":{"line":45,"column":25}},"45":{"start":{"line":46,"column":0},"end":{"line":46,"column":59}},"46":{"start":{"line":47,"column":0},"end":{"line":47,"column":70}},"47":{"start":{"line":48,"column":0},"end":{"line":48,"column":9}},"48":{"start":{"line":49,"column":0},"end":{"line":49,"column":5}},"49":{"start":{"line":50,"column":0},"end":{"line":50,"column":0}},"50":{"start":{"line":51,"column":0},"end":{"line":51,"column":34}},"51":{"start":{"line":52,"column":0},"end":{"line":52,"column":30}},"52":{"start":{"line":53,"column":0},"end":{"line":53,"column":40}},"53":{"start":{"line":54,"column":0},"end":{"line":54,"column":35}},"54":{"start":{"line":55,"column":0},"end":{"line":55,"column":51}},"55":{"start":{"line":56,"column":0},"end":{"line":56,"column":9}},"56":{"start":{"line":57,"column":0},"end":{"line":57,"column":5}},"57":{"start":{"line":58,"column":0},"end":{"line":58,"column":1}}},"s":{"0":1,"1":1,"2":1,"3":1,"4":1,"5":1,"6":3,"7":3,"8":3,"9":3,"10":3,"11":3,"12":3,"13":3,"14":0,"15":0,"16":3,"17":3,"18":3,"19":3,"20":3,"21":3,"22":3,"23":3,"24":3,"25":3,"26":3,"27":3,"28":3,"29":3,"30":3,"31":3,"32":3,"33":3,"34":3,"35":3,"36":3,"37":3,"38":3,"39":3,"40":3,"41":3,"42":3,"43":3,"44":3,"45":1,"46":1,"47":1,"48":3,"49":3,"50":3,"51":1,"52":1,"53":1,"54":1,"55":1,"56":1,"57":3},"branchMap":{"0":{"type":"branch","line":7,"loc":{"start":{"line":7,"column":0},"end":{"line":58,"column":1}},"locations":[{"start":{"line":7,"column":0},"end":{"line":58,"column":1}}]},"1":{"type":"branch","line":10,"loc":{"start":{"line":10,"column":12},"end":{"line":21,"column":5}},"locations":[{"start":{"line":10,"column":12},"end":{"line":21,"column":5}}]},"2":{"type":"branch","line":14,"loc":{"start":{"line":14,"column":25},"end":{"line":16,"column":13}},"locations":[{"start":{"line":14,"column":25},"end":{"line":16,"column":13}}]},"3":{"type":"branch","line":23,"loc":{"start":{"line":23,"column":4},"end":{"line":49,"column":5}},"locations":[{"start":{"line":23,"column":4},"end":{"line":49,"column":5}}]},"4":{"type":"branch","line":28,"loc":{"start":{"line":28,"column":57},"end":{"line":28,"column":75}},"locations":[{"start":{"line":28,"column":57},"end":{"line":28,"column":75}}]},"5":{"type":"branch","line":45,"loc":{"start":{"line":45,"column":-2},"end":{"line":45,"column":17}},"locations":[{"start":{"line":45,"column":-2},"end":{"line":45,"column":17}}]},"6":{"type":"branch","line":45,"loc":{"start":{"line":45,"column":10},"end":{"line":48,"column":9}},"locations":[{"start":{"line":45,"column":10},"end":{"line":48,"column":9}}]},"7":{"type":"branch","line":51,"loc":{"start":{"line":51,"column":4},"end":{"line":57,"column":5}},"locations":[{"start":{"line":51,"column":4},"end":{"line":57,"column":5}}]}},"b":{"0":[3],"1":[3],"2":[0],"3":[3],"4":[0],"5":[2],"6":[1],"7":[1]},"fnMap":{"0":{"name":"MySQLAppointmentRepository","decl":{"start":{"line":7,"column":0},"end":{"line":58,"column":1}},"loc":{"start":{"line":7,"column":0},"end":{"line":58,"column":1}},"line":7},"1":{"name":"getConnection","decl":{"start":{"line":10,"column":12},"end":{"line":21,"column":5}},"loc":{"start":{"line":10,"column":12},"end":{"line":21,"column":5}},"line":10},"2":{"name":"save","decl":{"start":{"line":23,"column":4},"end":{"line":49,"column":5}},"loc":{"start":{"line":23,"column":4},"end":{"line":49,"column":5}},"line":23},"3":{"name":"close","decl":{"start":{"line":51,"column":4},"end":{"line":57,"column":5}},"loc":{"start":{"line":51,"column":4},"end":{"line":57,"column":5}},"line":51}},"f":{"0":3,"1":3,"2":3,"3":1}}
,"C:\\Users\\neil\\Documents\\app\\app\\src\\modules\\appointment\\infrastructure\\persistence\\mysql\\MySqlConfig.ts": {"path":"C:\\Users\\neil\\Documents\\app\\app\\src\\modules\\appointment\\infrastructure\\persistence\\mysql\\MySqlConfig.ts","all":false,"statementMap":{"0":{"start":{"line":1,"column":0},"end":{"line":1,"column":40}},"1":{"start":{"line":2,"column":0},"end":{"line":2,"column":44}},"2":{"start":{"line":3,"column":0},"end":{"line":3,"column":0}},"3":{"start":{"line":4,"column":0},"end":{"line":4,"column":84}},"4":{"start":{"line":5,"column":0},"end":{"line":5,"column":9}},"5":{"start":{"line":6,"column":0},"end":{"line":6,"column":57}},"6":{"start":{"line":7,"column":0},"end":{"line":7,"column":44}},"7":{"start":{"line":8,"column":0},"end":{"line":8,"column":44}},"8":{"start":{"line":9,"column":0},"end":{"line":9,"column":52}},"9":{"start":{"line":10,"column":0},"end":{"line":10,"column":31}},"10":{"start":{"line":11,"column":0},"end":{"line":11,"column":58}},"11":{"start":{"line":12,"column":0},"end":{"line":12,"column":11}},"12":{"start":{"line":13,"column":0},"end":{"line":13,"column":0}},"13":{"start":{"line":14,"column":0},"end":{"line":14,"column":64}},"14":{"start":{"line":15,"column":0},"end":{"line":15,"column":26}},"15":{"start":{"line":16,"column":0},"end":{"line":16,"column":21}},"16":{"start":{"line":17,"column":0},"end":{"line":17,"column":59}},"17":{"start":{"line":18,"column":0},"end":{"line":18,"column":20}},"18":{"start":{"line":19,"column":0},"end":{"line":19,"column":5}},"19":{"start":{"line":20,"column":0},"end":{"line":20,"column":1}}},"s":{"0":1,"1":1,"2":1,"3":1,"4":0,"5":0,"6":0,"7":0,"8":0,"9":0,"10":0,"11":0,"12":0,"13":0,"14":0,"15":0,"16":0,"17":0,"18":0,"19":0},"branchMap":{},"b":{},"fnMap":{"0":{"name":"createMySQLConnection","decl":{"start":{"line":4,"column":7},"end":{"line":20,"column":1}},"loc":{"start":{"line":4,"column":7},"end":{"line":20,"column":1}},"line":4}},"f":{"0":0}}
,"C:\\Users\\neil\\Documents\\app\\app\\src\\modules\\appointment\\infrastructure\\persistence\\mysql\\index.ts": {"path":"C:\\Users\\neil\\Documents\\app\\app\\src\\modules\\appointment\\infrastructure\\persistence\\mysql\\index.ts","all":false,"statementMap":{"0":{"start":{"line":1,"column":0},"end":{"line":1,"column":45}}},"s":{"0":1},"branchMap":{},"b":{},"fnMap":{},"f":{}}
,"C:\\Users\\neil\\Documents\\app\\app\\src\\modules\\appointment\\infrastructure\\providers\\eventbridge\\EventBridgePublisher.ts": {"path":"C:\\Users\\neil\\Documents\\app\\app\\src\\modules\\appointment\\infrastructure\\providers\\eventbridge\\EventBridgePublisher.ts","all":false,"statementMap":{"0":{"start":{"line":1,"column":0},"end":{"line":1,"column":8}},"1":{"start":{"line":2,"column":0},"end":{"line":2,"column":22}},"2":{"start":{"line":3,"column":0},"end":{"line":3,"column":21}},"3":{"start":{"line":4,"column":0},"end":{"line":4,"column":37}},"4":{"start":{"line":5,"column":0},"end":{"line":5,"column":72}},"5":{"start":{"line":6,"column":0},"end":{"line":6,"column":87}},"6":{"start":{"line":7,"column":0},"end":{"line":7,"column":0}},"7":{"start":{"line":8,"column":0},"end":{"line":8,"column":31}},"8":{"start":{"line":9,"column":0},"end":{"line":9,"column":48}},"9":{"start":{"line":10,"column":0},"end":{"line":10,"column":41}},"10":{"start":{"line":11,"column":0},"end":{"line":11,"column":0}},"11":{"start":{"line":12,"column":0},"end":{"line":12,"column":62}},"12":{"start":{"line":13,"column":0},"end":{"line":13,"column":0}},"13":{"start":{"line":14,"column":0},"end":{"line":14,"column":16}},"14":{"start":{"line":15,"column":0},"end":{"line":15,"column":78}},"15":{"start":{"line":16,"column":0},"end":{"line":16,"column":9}},"16":{"start":{"line":17,"column":0},"end":{"line":17,"column":0}},"17":{"start":{"line":18,"column":0},"end":{"line":18,"column":50}},"18":{"start":{"line":19,"column":0},"end":{"line":19,"column":0}},"19":{"start":{"line":20,"column":0},"end":{"line":20,"column":30}},"20":{"start":{"line":21,"column":0},"end":{"line":21,"column":38}},"21":{"start":{"line":22,"column":0},"end":{"line":22,"column":46}},"22":{"start":{"line":23,"column":0},"end":{"line":23,"column":40}},"23":{"start":{"line":24,"column":0},"end":{"line":24,"column":40}},"24":{"start":{"line":25,"column":0},"end":{"line":25,"column":32}},"25":{"start":{"line":26,"column":0},"end":{"line":26,"column":47}},"26":{"start":{"line":27,"column":0},"end":{"line":27,"column":10}},"27":{"start":{"line":28,"column":0},"end":{"line":28,"column":0}},"28":{"start":{"line":29,"column":0},"end":{"line":29,"column":46}},"29":{"start":{"line":30,"column":0},"end":{"line":30,"column":22}},"30":{"start":{"line":31,"column":0},"end":{"line":31,"column":17}},"31":{"start":{"line":32,"column":0},"end":{"line":32,"column":41}},"32":{"start":{"line":33,"column":0},"end":{"line":33,"column":44}},"33":{"start":{"line":34,"column":0},"end":{"line":34,"column":0}},"34":{"start":{"line":35,"column":0},"end":{"line":35,"column":57}},"35":{"start":{"line":36,"column":0},"end":{"line":36,"column":0}},"36":{"start":{"line":37,"column":0},"end":{"line":37,"column":59}},"37":{"start":{"line":38,"column":0},"end":{"line":38,"column":74}},"38":{"start":{"line":39,"column":0},"end":{"line":39,"column":18}},"39":{"start":{"line":40,"column":0},"end":{"line":40,"column":14}},"40":{"start":{"line":41,"column":0},"end":{"line":41,"column":11}},"41":{"start":{"line":42,"column":0},"end":{"line":42,"column":0}},"42":{"start":{"line":43,"column":0},"end":{"line":43,"column":13}},"43":{"start":{"line":44,"column":0},"end":{"line":44,"column":61}},"44":{"start":{"line":45,"column":0},"end":{"line":45,"column":0}},"45":{"start":{"line":46,"column":0},"end":{"line":46,"column":55}},"46":{"start":{"line":47,"column":0},"end":{"line":47,"column":82}},"47":{"start":{"line":48,"column":0},"end":{"line":48,"column":80}},"48":{"start":{"line":49,"column":0},"end":{"line":49,"column":13}},"49":{"start":{"line":50,"column":0},"end":{"line":50,"column":30}},"50":{"start":{"line":51,"column":0},"end":{"line":51,"column":84}},"51":{"start":{"line":52,"column":0},"end":{"line":52,"column":28}},"52":{"start":{"line":53,"column":0},"end":{"line":53,"column":13}},"53":{"start":{"line":54,"column":0},"end":{"line":54,"column":0}},"54":{"start":{"line":55,"column":0},"end":{"line":55,"column":79}},"55":{"start":{"line":56,"column":0},"end":{"line":56,"column":9}},"56":{"start":{"line":57,"column":0},"end":{"line":57,"column":5}},"57":{"start":{"line":58,"column":0},"end":{"line":58,"column":1}}},"s":{"0":1,"1":1,"2":1,"3":1,"4":1,"5":1,"6":1,"7":1,"8":1,"9":1,"10":1,"11":1,"12":1,"13":1,"14":2,"15":2,"16":1,"17":1,"18":2,"19":2,"20":2,"21":2,"22":2,"23":2,"24":2,"25":2,"26":2,"27":2,"28":2,"29":2,"30":2,"31":2,"32":2,"33":2,"34":2,"35":2,"36":2,"37":2,"38":2,"39":2,"40":2,"41":2,"42":2,"43":2,"44":1,"45":2,"46":1,"47":1,"48":1,"49":2,"50":2,"51":1,"52":1,"53":1,"54":1,"55":1,"56":2,"57":1},"branchMap":{"0":{"type":"branch","line":14,"loc":{"start":{"line":14,"column":4},"end":{"line":16,"column":9}},"locations":[{"start":{"line":14,"column":4},"end":{"line":16,"column":9}}]},"1":{"type":"branch","line":18,"loc":{"start":{"line":18,"column":4},"end":{"line":57,"column":5}},"locations":[{"start":{"line":18,"column":4},"end":{"line":57,"column":5}}]},"2":{"type":"branch","line":38,"loc":{"start":{"line":38,"column":60},"end":{"line":38,"column":73}},"locations":[{"start":{"line":38,"column":60},"end":{"line":38,"column":73}}]},"3":{"type":"branch","line":45,"loc":{"start":{"line":45,"column":-2},"end":{"line":46,"column":46}},"locations":[{"start":{"line":45,"column":-2},"end":{"line":46,"column":46}}]},"4":{"type":"branch","line":46,"loc":{"start":{"line":46,"column":42},"end":{"line":46,"column":47}},"locations":[{"start":{"line":46,"column":42},"end":{"line":46,"column":47}}]},"5":{"type":"branch","line":46,"loc":{"start":{"line":46,"column":54},"end":{"line":49,"column":13}},"locations":[{"start":{"line":46,"column":54},"end":{"line":49,"column":13}}]},"6":{"type":"branch","line":51,"loc":{"start":{"line":51,"column":83},"end":{"line":56,"column":9}},"locations":[{"start":{"line":51,"column":83},"end":{"line":56,"column":9}}]}},"b":{"0":[2],"1":[2],"2":[0],"3":[1],"4":[0],"5":[1],"6":[1]},"fnMap":{"0":{"name":"EventBridgePublisher","decl":{"start":{"line":14,"column":4},"end":{"line":16,"column":9}},"loc":{"start":{"line":14,"column":4},"end":{"line":16,"column":9}},"line":14},"1":{"name":"publish","decl":{"start":{"line":18,"column":4},"end":{"line":57,"column":5}},"loc":{"start":{"line":18,"column":4},"end":{"line":57,"column":5}},"line":18}},"f":{"0":2,"1":2}}
,"C:\\Users\\neil\\Documents\\app\\app\\src\\modules\\appointment\\infrastructure\\providers\\eventbridge\\index.ts": {"path":"C:\\Users\\neil\\Documents\\app\\app\\src\\modules\\appointment\\infrastructure\\providers\\eventbridge\\index.ts","all":false,"statementMap":{"0":{"start":{"line":1,"column":0},"end":{"line":1,"column":39}}},"s":{"0":1},"branchMap":{},"b":{},"fnMap":{},"f":{}}
,"C:\\Users\\neil\\Documents\\app\\app\\src\\modules\\appointment\\infrastructure\\providers\\sns\\SNSPublisher.ts": {"path":"C:\\Users\\neil\\Documents\\app\\app\\src\\modules\\appointment\\infrastructure\\providers\\sns\\SNSPublisher.ts","all":false,"statementMap":{"0":{"start":{"line":1,"column":0},"end":{"line":1,"column":0}},"1":{"start":{"line":2,"column":0},"end":{"line":2,"column":64}},"2":{"start":{"line":3,"column":0},"end":{"line":3,"column":58}},"3":{"start":{"line":4,"column":0},"end":{"line":4,"column":0}},"4":{"start":{"line":5,"column":0},"end":{"line":5,"column":0}},"5":{"start":{"line":6,"column":0},"end":{"line":6,"column":56}},"6":{"start":{"line":7,"column":0},"end":{"line":7,"column":68}},"7":{"start":{"line":8,"column":0},"end":{"line":8,"column":0}},"8":{"start":{"line":9,"column":0},"end":{"line":9,"column":16}},"9":{"start":{"line":10,"column":0},"end":{"line":10,"column":62}},"10":{"start":{"line":11,"column":0},"end":{"line":11,"column":9}},"11":{"start":{"line":12,"column":0},"end":{"line":12,"column":0}},"12":{"start":{"line":13,"column":0},"end":{"line":13,"column":68}},"13":{"start":{"line":14,"column":0},"end":{"line":14,"column":13}},"14":{"start":{"line":15,"column":0},"end":{"line":15,"column":55}},"15":{"start":{"line":16,"column":0},"end":{"line":16,"column":40}},"16":{"start":{"line":17,"column":0},"end":{"line":17,"column":49}},"17":{"start":{"line":18,"column":0},"end":{"line":18,"column":36}},"18":{"start":{"line":19,"column":0},"end":{"line":19,"column":33}},"19":{"start":{"line":20,"column":0},"end":{"line":20,"column":43}},"20":{"start":{"line":21,"column":0},"end":{"line":21,"column":47}},"21":{"start":{"line":22,"column":0},"end":{"line":22,"column":21}},"22":{"start":{"line":23,"column":0},"end":{"line":23,"column":17}},"23":{"start":{"line":24,"column":0},"end":{"line":24,"column":16}},"24":{"start":{"line":25,"column":0},"end":{"line":25,"column":9}},"25":{"start":{"line":26,"column":0},"end":{"line":26,"column":23}},"26":{"start":{"line":27,"column":0},"end":{"line":27,"column":61}},"27":{"start":{"line":28,"column":0},"end":{"line":28,"column":89}},"28":{"start":{"line":29,"column":0},"end":{"line":29,"column":9}},"29":{"start":{"line":30,"column":0},"end":{"line":30,"column":5}},"30":{"start":{"line":31,"column":0},"end":{"line":31,"column":1}}},"s":{"0":1,"1":1,"2":1,"3":1,"4":1,"5":1,"6":1,"7":1,"8":1,"9":2,"10":2,"11":1,"12":1,"13":2,"14":2,"15":2,"16":2,"17":2,"18":2,"19":2,"20":2,"21":2,"22":2,"23":2,"24":1,"25":1,"26":1,"27":1,"28":1,"29":2,"30":1},"branchMap":{"0":{"type":"branch","line":9,"loc":{"start":{"line":9,"column":4},"end":{"line":11,"column":9}},"locations":[{"start":{"line":9,"column":4},"end":{"line":11,"column":9}}]},"1":{"type":"branch","line":13,"loc":{"start":{"line":13,"column":4},"end":{"line":30,"column":5}},"locations":[{"start":{"line":13,"column":4},"end":{"line":30,"column":5}}]},"2":{"type":"branch","line":25,"loc":{"start":{"line":25,"column":-2},"end":{"line":29,"column":9}},"locations":[{"start":{"line":25,"column":-2},"end":{"line":29,"column":9}}]}},"b":{"0":[2],"1":[2],"2":[1]},"fnMap":{"0":{"name":"SNSPublisher","decl":{"start":{"line":9,"column":4},"end":{"line":11,"column":9}},"loc":{"start":{"line":9,"column":4},"end":{"line":11,"column":9}},"line":9},"1":{"name":"publish","decl":{"start":{"line":13,"column":4},"end":{"line":30,"column":5}},"loc":{"start":{"line":13,"column":4},"end":{"line":30,"column":5}},"line":13}},"f":{"0":2,"1":2}}
,"C:\\Users\\neil\\Documents\\app\\app\\src\\modules\\appointment\\infrastructure\\providers\\sns\\index.ts": {"path":"C:\\Users\\neil\\Documents\\app\\app\\src\\modules\\appointment\\infrastructure\\providers\\sns\\index.ts","all":false,"statementMap":{"0":{"start":{"line":1,"column":0},"end":{"line":1,"column":31}}},"s":{"0":1},"branchMap":{},"b":{},"fnMap":{},"f":{}}
}
