TN:
SF:src\modules\appointment\application\use-case\CreateAppointment.ts
FN:7,CreateAppointment
FN:12,execute
FNF:2
FNH:2
FNDA:1,CreateAppointment
FNDA:2,execute
DA:1,1
DA:2,1
DA:3,1
DA:4,1
DA:5,1
DA:6,1
DA:7,1
DA:8,1
DA:9,1
DA:10,1
DA:11,1
DA:12,1
DA:13,2
DA:14,2
DA:15,2
DA:16,2
DA:17,2
DA:18,2
DA:19,2
DA:20,1
DA:21,1
DA:22,1
DA:23,1
DA:24,1
DA:25,1
LF:25
LH:25
BRDA:7,0,0,1
BRDA:12,1,0,2
BRDA:20,2,0,1
BRF:3
BRH:3
end_of_record
TN:
SF:src\modules\appointment\application\use-case\ListAppointmentByInsuredId.ts
FN:5,ListAppointmentsByInsuredId
FN:9,execute
FNF:2
FNH:2
FNDA:1,ListAppointmentsByInsuredId
FNDA:2,execute
DA:1,1
DA:2,1
DA:3,1
DA:4,1
DA:5,1
DA:6,1
DA:7,1
DA:8,1
DA:9,1
DA:10,2
DA:11,2
DA:12,2
DA:13,2
DA:14,1
LF:14
LH:14
BRDA:5,0,0,1
BRDA:9,1,0,2
BRF:2
BRH:2
end_of_record
TN:
SF:src\modules\appointment\application\use-case\ProcessChileAppointment.ts
FN:6,ProcessChileAppointment
FN:8,execute
FNF:2
FNH:2
FNDA:1,ProcessChileAppointment
FNDA:2,execute
DA:1,1
DA:2,1
DA:3,1
DA:4,1
DA:5,1
DA:6,1
DA:7,1
DA:8,1
DA:9,2
DA:10,2
DA:11,2
DA:12,1
DA:13,1
DA:14,1
DA:15,2
DA:16,2
DA:17,2
DA:18,2
DA:19,1
LF:19
LH:19
BRDA:6,0,0,1
BRDA:8,1,0,2
BRDA:12,2,0,1
BRF:3
BRH:3
end_of_record
TN:
SF:src\modules\appointment\application\use-case\ProcessPeruAppointment.ts
FN:6,ProcessPeruAppointment
FN:8,execute
FNF:2
FNH:2
FNDA:1,ProcessPeruAppointment
FNDA:2,execute
DA:1,1
DA:2,1
DA:3,1
DA:4,1
DA:5,1
DA:6,1
DA:7,1
DA:8,1
DA:9,2
DA:10,2
DA:11,2
DA:12,1
DA:13,1
DA:14,1
DA:15,2
DA:16,2
DA:17,2
DA:18,2
DA:19,1
LF:19
LH:19
BRDA:6,0,0,1
BRDA:8,1,0,2
BRDA:12,2,0,1
BRF:3
BRH:3
end_of_record
TN:
SF:src\modules\appointment\application\use-case\UpdateAppointment.ts
FN:5,UpdateAppointment
FN:9,execute
FNF:2
FNH:2
FNDA:1,UpdateAppointment
FNDA:2,execute
DA:1,1
DA:2,1
DA:3,1
DA:4,1
DA:5,1
DA:6,1
DA:7,1
DA:8,1
DA:9,1
DA:10,2
DA:11,2
DA:12,2
DA:13,1
DA:14,1
DA:15,1
DA:16,1
DA:17,1
DA:18,1
DA:19,1
DA:20,1
DA:21,1
LF:21
LH:21
BRDA:5,0,0,1
BRDA:9,1,0,2
BRDA:13,2,0,1
BRF:3
BRH:3
end_of_record
TN:
SF:src\modules\appointment\application\use-case\index.ts
FNF:0
FNH:0
DA:1,1
DA:2,1
DA:3,1
DA:4,1
DA:5,1
LF:5
LH:5
BRF:0
BRH:0
end_of_record
TN:
SF:src\modules\appointment\common\enum\AppointmentStatus.ts
FNF:0
FNH:0
DA:1,8
DA:2,8
DA:3,8
DA:4,8
LF:4
LH:4
BRDA:1,0,0,8
BRF:1
BRH:1
end_of_record
TN:
SF:src\modules\appointment\common\enum\CountryISO.ts
FNF:0
FNH:0
DA:1,8
DA:2,8
DA:3,8
DA:4,8
LF:4
LH:4
BRDA:1,0,0,8
BRF:1
BRH:1
end_of_record
TN:
SF:src\modules\appointment\common\enum\index.ts
FNF:0
FNH:0
DA:1,1
DA:2,1
LF:2
LH:2
BRF:0
BRH:0
end_of_record
TN:
SF:src\modules\appointment\domain\entities\Appointment.ts
FN:13,Appointment
FN:32,validateInsuredId
FN:38,validateCountry
FN:44,fromPrimitives
FN:56,toPrimitives
FNF:5
FNH:5
FNDA:9,Appointment
FNDA:9,validateInsuredId
FNDA:6,validateCountry
FNDA:1,fromPrimitives
FNDA:2,toPrimitives
DA:1,1
DA:2,1
DA:3,1
DA:4,1
DA:5,1
DA:6,1
DA:7,1
DA:8,1
DA:9,1
DA:10,1
DA:11,1
DA:12,1
DA:13,1
DA:14,9
DA:15,9
DA:16,9
DA:17,9
DA:18,9
DA:19,9
DA:20,9
DA:21,9
DA:22,9
DA:23,9
DA:24,9
DA:25,9
DA:26,9
DA:27,9
DA:28,9
DA:29,9
DA:30,9
DA:31,1
DA:32,1
DA:33,9
DA:34,3
DA:35,3
DA:36,9
DA:37,1
DA:38,1
DA:39,6
DA:40,1
DA:41,1
DA:42,6
DA:43,1
DA:44,1
DA:45,1
DA:46,1
DA:47,1
DA:48,1
DA:49,1
DA:50,1
DA:51,1
DA:52,1
DA:53,1
DA:54,1
DA:55,1
DA:56,1
DA:57,2
DA:58,2
DA:59,2
DA:60,2
DA:61,2
DA:62,2
DA:63,2
DA:64,2
DA:65,2
DA:66,2
DA:67,1
LF:67
LH:67
BRDA:13,0,0,9
BRDA:25,1,0,4
BRDA:28,2,0,5
BRDA:29,3,0,5
BRDA:32,4,0,9
BRDA:33,5,0,3
BRDA:38,6,0,6
BRDA:39,7,0,1
BRDA:44,8,0,1
BRDA:50,9,0,0
BRDA:56,10,0,2
BRF:11
BRH:10
end_of_record
TN:
SF:src\modules\appointment\infrastructure\persistence\dynamodb\DynamoDBRepository.ts
FN:11,DynamoDBAppointmentRepository
FN:15,findByInsuredId
FN:40,updateStatus
FN:67,save
FNF:4
FNH:4
FNDA:4,DynamoDBAppointmentRepository
FNDA:2,findByInsuredId
FNDA:1,updateStatus
FNDA:1,save
DA:1,1
DA:2,1
DA:3,1
DA:4,1
DA:5,1
DA:6,1
DA:7,1
DA:8,1
DA:9,1
DA:10,1
DA:11,1
DA:12,4
DA:13,4
DA:14,1
DA:15,1
DA:16,2
DA:17,2
DA:18,2
DA:19,2
DA:20,2
DA:21,2
DA:22,2
DA:23,2
DA:24,2
DA:25,2
DA:26,2
DA:27,1
DA:28,2
DA:29,1
DA:30,1
DA:31,1
DA:32,1
DA:33,1
DA:34,1
DA:35,1
DA:36,1
DA:37,1
DA:38,2
DA:39,1
DA:40,1
DA:41,1
DA:42,1
DA:43,1
DA:44,1
DA:45,1
DA:46,1
DA:47,1
DA:48,1
DA:49,1
DA:50,1
DA:51,1
DA:52,1
DA:53,1
DA:54,1
DA:55,1
DA:56,1
DA:57,1
DA:58,1
DA:59,1
DA:60,1
DA:61,1
DA:62,0
DA:63,0
DA:64,0
DA:65,1
DA:66,1
DA:67,1
DA:68,1
DA:69,1
DA:70,1
DA:71,1
DA:72,1
DA:73,1
DA:74,1
DA:75,1
DA:76,0
DA:77,0
DA:78,0
DA:79,1
DA:80,1
LF:80
LH:74
BRDA:11,0,0,4
BRDA:15,1,0,2
BRDA:27,2,0,1
BRDA:28,3,0,0
BRDA:29,4,0,1
BRDA:30,5,0,1
BRDA:32,6,0,0
BRDA:40,7,0,1
BRDA:61,8,0,0
BRDA:67,9,0,1
BRDA:75,10,0,0
BRF:11
BRH:7
end_of_record
TN:
SF:src\modules\appointment\infrastructure\persistence\dynamodb\index.ts
FNF:0
FNH:0
DA:1,1
LF:1
LH:1
BRF:0
BRH:0
end_of_record
TN:
SF:src\modules\appointment\infrastructure\persistence\mysql\MySQLAppointmentRepository.ts
FN:7,MySQLAppointmentRepository
FN:10,getConnection
FN:23,save
FN:51,close
FNF:4
FNH:4
FNDA:3,MySQLAppointmentRepository
FNDA:3,getConnection
FNDA:3,save
FNDA:1,close
DA:1,1
DA:2,1
DA:3,1
DA:4,1
DA:5,1
DA:6,1
DA:7,3
DA:8,3
DA:9,3
DA:10,3
DA:11,3
DA:12,3
DA:13,3
DA:14,3
DA:15,0
DA:16,0
DA:17,3
DA:18,3
DA:19,3
DA:20,3
DA:21,3
DA:22,3
DA:23,3
DA:24,3
DA:25,3
DA:26,3
DA:27,3
DA:28,3
DA:29,3
DA:30,3
DA:31,3
DA:32,3
DA:33,3
DA:34,3
DA:35,3
DA:36,3
DA:37,3
DA:38,3
DA:39,3
DA:40,3
DA:41,3
DA:42,3
DA:43,3
DA:44,3
DA:45,3
DA:46,1
DA:47,1
DA:48,1
DA:49,3
DA:50,3
DA:51,3
DA:52,1
DA:53,1
DA:54,1
DA:55,1
DA:56,1
DA:57,1
DA:58,3
LF:58
LH:56
BRDA:7,0,0,3
BRDA:10,1,0,3
BRDA:14,2,0,0
BRDA:23,3,0,3
BRDA:28,4,0,0
BRDA:45,5,0,2
BRDA:45,6,0,1
BRDA:51,7,0,1
BRF:8
BRH:6
end_of_record
TN:
SF:src\modules\appointment\infrastructure\persistence\mysql\MySqlConfig.ts
FN:4,createMySQLConnection
FNF:1
FNH:0
FNDA:0,createMySQLConnection
DA:1,1
DA:2,1
DA:3,1
DA:4,1
DA:5,0
DA:6,0
DA:7,0
DA:8,0
DA:9,0
DA:10,0
DA:11,0
DA:12,0
DA:13,0
DA:14,0
DA:15,0
DA:16,0
DA:17,0
DA:18,0
DA:19,0
DA:20,0
LF:20
LH:4
BRF:0
BRH:0
end_of_record
TN:
SF:src\modules\appointment\infrastructure\persistence\mysql\index.ts
FNF:0
FNH:0
DA:1,1
LF:1
LH:1
BRF:0
BRH:0
end_of_record
TN:
SF:src\modules\appointment\infrastructure\providers\eventbridge\EventBridgePublisher.ts
FN:14,EventBridgePublisher
FN:18,publish
FNF:2
FNH:2
FNDA:2,EventBridgePublisher
FNDA:2,publish
DA:1,1
DA:2,1
DA:3,1
DA:4,1
DA:5,1
DA:6,1
DA:7,1
DA:8,1
DA:9,1
DA:10,1
DA:11,1
DA:12,1
DA:13,1
DA:14,1
DA:15,2
DA:16,2
DA:17,1
DA:18,1
DA:19,2
DA:20,2
DA:21,2
DA:22,2
DA:23,2
DA:24,2
DA:25,2
DA:26,2
DA:27,2
DA:28,2
DA:29,2
DA:30,2
DA:31,2
DA:32,2
DA:33,2
DA:34,2
DA:35,2
DA:36,2
DA:37,2
DA:38,2
DA:39,2
DA:40,2
DA:41,2
DA:42,2
DA:43,2
DA:44,2
DA:45,1
DA:46,2
DA:47,1
DA:48,1
DA:49,1
DA:50,2
DA:51,2
DA:52,1
DA:53,1
DA:54,1
DA:55,1
DA:56,1
DA:57,2
DA:58,1
LF:58
LH:58
BRDA:14,0,0,2
BRDA:18,1,0,2
BRDA:38,2,0,0
BRDA:45,3,0,1
BRDA:46,4,0,0
BRDA:46,5,0,1
BRDA:51,6,0,1
BRF:7
BRH:5
end_of_record
TN:
SF:src\modules\appointment\infrastructure\providers\eventbridge\index.ts
FNF:0
FNH:0
DA:1,1
LF:1
LH:1
BRF:0
BRH:0
end_of_record
TN:
SF:src\modules\appointment\infrastructure\providers\sns\SNSPublisher.ts
FN:9,SNSPublisher
FN:13,publish
FNF:2
FNH:2
FNDA:2,SNSPublisher
FNDA:2,publish
DA:1,1
DA:2,1
DA:3,1
DA:4,1
DA:5,1
DA:6,1
DA:7,1
DA:8,1
DA:9,1
DA:10,2
DA:11,2
DA:12,1
DA:13,1
DA:14,2
DA:15,2
DA:16,2
DA:17,2
DA:18,2
DA:19,2
DA:20,2
DA:21,2
DA:22,2
DA:23,2
DA:24,2
DA:25,1
DA:26,1
DA:27,1
DA:28,1
DA:29,1
DA:30,2
DA:31,1
LF:31
LH:31
BRDA:9,0,0,2
BRDA:13,1,0,2
BRDA:25,2,0,1
BRF:3
BRH:3
end_of_record
TN:
SF:src\modules\appointment\infrastructure\providers\sns\index.ts
FNF:0
FNH:0
DA:1,1
LF:1
LH:1
BRF:0
BRH:0
end_of_record
